vidtry-master/app/build/outputs/logs/manifest-merger-debug-report.txt
-- Merging decision tree log ---
manifest
ADDED from src/main/AndroidManifest.xml:2:1-17:12
	xmlns:android
		ADDED from src/main/AndroidManifest.xml:2:11-69
	package
		ADDED from src/main/AndroidManifest.xml:3:5-45
		INJECTED from src/main/AndroidManifest.xml
		INJECTED from src/main/AndroidManifest.xml
	android:versionName
		ADDED from src/main/AndroidManifest.xml:5:5-30
		INJECTED from src/main/AndroidManifest.xml
		INJECTED from src/main/AndroidManifest.xml
	android:versionCode
		ADDED from src/main/AndroidManifest.xml:4:5-28
		INJECTED from src/main/AndroidManifest.xml
		INJECTED from src/main/AndroidManifest.xml
application
ADDED from src/main/AndroidManifest.xml:6:3-16:17
	android:label
		ADDED from src/main/AndroidManifest.xml:6:16-48
activity#com.commonsware.android.vidtry.Player
ADDED from src/main/AndroidManifest.xml:7:5-15:16
	android:screenOrientation
		ADDED from src/main/AndroidManifest.xml:9:15-52
	android:label
		ADDED from src/main/AndroidManifest.xml:8:15-47
	android:theme
		ADDED from src/main/AndroidManifest.xml:10:8-66
	android:name
		ADDED from src/main/AndroidManifest.xml:7:15-37
intent-filter#android.intent.action.MAIN+android.intent.category.LAUNCHER
ADDED from src/main/AndroidManifest.xml:11:7-14:23
action#android.intent.action.MAIN
ADDED from src/main/AndroidManifest.xml:12:9-61
	android:name
		ADDED from src/main/AndroidManifest.xml:12:17-58
category#android.intent.category.LAUNCHER
ADDED from src/main/AndroidManifest.xml:13:9-69
	android:name
		ADDED from src/main/AndroidManifest.xml:13:19-66